[0m17:40:38.897721 [debug] [MainThread]: Sending event: {'category': 'dbt', 'action': 'invocation', 'label': 'start', 'context': [<snowplow_tracker.self_describing_json.SelfDescribingJson object at 0x00000256B3E1D6A0>, <snowplow_tracker.self_describing_json.SelfDescribingJson object at 0x00000256B4639BE0>, <snowplow_tracker.self_describing_json.SelfDescribingJson object at 0x00000256B46903E0>]}


============================== 17:40:39.010251 | ca7beaa6-e333-49f1-996f-de87a4494286 ==============================
[0m17:40:39.010251 [info ] [MainThread]: Running with dbt=1.11.11
[0m17:40:39.011262 [debug] [MainThread]: running dbt with arguments {'version_check': 'True', 'no_print': 'None', 'static_parser': 'True', 'warn_error_options': 'WarnErrorOptionsV2(error=[], warn=[], silence=[])', 'target_path': 'None', 'printer_width': '80', 'write_json': 'True', 'empty': 'None', 'log_cache_events': 'False', 'introspect': 'True', 'cache_selected_only': 'False', 'log_format': 'default', 'debug': 'False', 'fail_fast': 'False', 'partial_parse': 'True', 'send_anonymous_usage_stats': 'True', 'quiet': 'False', 'warn_error': 'None', 'profiles_dir': 'C:\\Users\\liyor\\.dbt', 'invocation_command': 'dbt init dbt_currency', 'indirect_selection': 'eager', 'use_colors': 'True', 'use_experimental_parser': 'False', 'log_path': 'logs'}
[0m17:40:39.288928 [debug] [MainThread]: Starter project path: C:\Users\liyor\Documents\Data Engineer\currency_project\.venv\Lib\site-packages\dbt\include\starter_project
[0m17:40:39.312565 [info ] [MainThread]: 
Your new dbt project "dbt_currency" was created!

For more information on how to configure the profiles.yml file,
please consult the dbt documentation here:

  https://docs.getdbt.com/docs/configure-your-profile

One more thing:

Need help? Don't hesitate to reach out to us via GitHub issues or on Slack:

  https://community.getdbt.com/

Happy modeling!

[0m17:40:39.312565 [info ] [MainThread]: Setting up your profile.
[0m17:43:57.351754 [info ] [MainThread]: Profile dbt_currency written to C:\Users\liyor\.dbt\profiles.yml using target's profile_template.yml and your supplied values. Run 'dbt debug' to validate the connection.
[0m17:43:57.351754 [debug] [MainThread]: Command `dbt init` succeeded at 17:43:57.351754 after 198.63 seconds
[0m17:43:57.351754 [debug] [MainThread]: Sending event: {'category': 'dbt', 'action': 'invocation', 'label': 'end', 'context': [<snowplow_tracker.self_describing_json.SelfDescribingJson object at 0x00000256B4841250>, <snowplow_tracker.self_describing_json.SelfDescribingJson object at 0x00000256CFE81D00>, <snowplow_tracker.self_describing_json.SelfDescribingJson object at 0x00000256D0020560>]}
[0m17:43:57.351754 [debug] [MainThread]: Flushing usage events
[0m17:43:58.806450 [debug] [MainThread]: An error was encountered while trying to flush usage events
